test
test
test
test
test
test
27/12/2018 0707:1212:5656:	testing
27/12/2018 0707:1212:5656:	testing
27/12/2018 0707:1212:5656:	testing
27/12/2018 0707:1212:5656:	testing
27/12/2018 0707:1212:5656:	testing
27/12/2018 0707:1212:5656:	testing
27/12/2018 0707:1212:5858:	testing
27/12/2018 0707:1212:0000:	testing
27/12/2018 0707:1212:0000:	testing
27/12/2018 0707:1212:0000:	testing
27/12/2018 0707:1212:0000:	testing
27/12/2018 0707:1212:0000:	testing
27/12/2018 19:45:08:	testing
27/12/2018 19:45:09:	testing
27/12/2018 19:45:09:	testing
27/12/2018 19:45:09:	testing
27/12/2018 19:45:09:	testing
27/12/2018 19:45:09:	testing
getConn	27/12/2018 19:46:34:	testing
getConn	27/12/2018 19:46:35:	testing
getConn	27/12/2018 19:46:35:	testing
getConn	27/12/2018 19:46:35:	testing
getConn	27/12/2018 19:46:35:	testing
getConn	27/12/2018 19:46:35:	testing
27/12/2018 19:47:27	getCurrencies->getConn	:	testing
27/12/2018 19:47:28	getWalletInfoTableByAccount->getConn	:	testing
27/12/2018 19:47:28	getWalletInfoTableByAccount->getConn	:	testing
27/12/2018 19:47:28	getTotalBalaceOfWallet->getConn	:	testing
27/12/2018 19:47:28	getWalletsByAccount->getConn	:	testing
27/12/2018 19:47:28	getWalletsByAccount->getConn	:	testing
